2024-10-28 21:33:40.520 [info] Extension host with pid 3657 started
2024-10-28 21:33:40.521 [info] Skipping acquiring lock for /home/Salvatore/.config/Code - OSS/User/workspaceStorage/ed0efe3ba411c90b20220b488fb85b18.
2024-10-28 21:33:40.558 [info] ExtensionService#_doActivateExtension vscode.git-base, startup: true, activationEvent: '*'
2024-10-28 21:33:40.579 [info] ExtensionService#_doActivateExtension vscode.github, startup: true, activationEvent: '*'
2024-10-28 21:33:40.607 [info] Eager extensions activated
2024-10-28 21:33:40.608 [info] ExtensionService#_doActivateExtension vscode.debug-auto-launch, startup: false, activationEvent: 'onStartupFinished'
2024-10-28 21:33:40.610 [info] ExtensionService#_doActivateExtension vscode.merge-conflict, startup: false, activationEvent: 'onStartupFinished'
2024-10-28 21:33:46.957 [info] ExtensionService#_doActivateExtension vscode.emmet, startup: false, activationEvent: 'onLanguage'
2024-10-28 21:34:29.432 [info] ExtensionService#_doActivateExtension vscode.git, startup: false, activationEvent: 'api', root cause: vscode.github
2024-10-28 21:34:29.546 [info] ExtensionService#_doActivateExtension vadimcn.vscode-lldb, startup: false, activationEvent: 'onLanguage:c', root cause: franneck94.c-cpp-runner
2024-10-28 21:34:29.593 [info] ExtensionService#_doActivateExtension franneck94.c-cpp-runner, startup: false, activationEvent: 'onLanguage:c'
2024-10-28 21:34:44.670 [info] ExtensionService#_doActivateExtension vscode.npm, startup: false, activationEvent: 'onTerminalQuickFixRequest:ms-vscode.npm-command'
2024-10-28 23:16:28.464 [info] ExtensionService#_doActivateExtension ms-vscode.js-debug, startup: false, activationEvent: 'onTerminalProfile:extension.js-debug.debugTerminal'
2024-10-28 23:22:59.096 [info] Extension host terminating: renderer closed the MessagePort
2024-10-28 23:22:59.109 [error] Canceled: Canceled
	at new eA (file:///usr/lib/code/out/vs/workbench/api/node/extensionHostProcess.js:31:109321)
	at Zb.U (file:///usr/lib/code/out/vs/workbench/api/node/extensionHostProcess.js:31:113933)
	at s.<computed>.n.charCodeAt.s.<computed> (file:///usr/lib/code/out/vs/workbench/api/node/extensionHostProcess.js:31:111427)
	at T0.g (file:///usr/lib/code/out/vs/workbench/api/node/extensionHostProcess.js:114:32325)
	at T0.executeCommand (file:///usr/lib/code/out/vs/workbench/api/node/extensionHostProcess.js:114:31826)
	at r.registerCommand.description (file:///usr/lib/code/out/vs/workbench/api/node/extensionHostProcess.js:114:31156)
	at T0.h (file:///usr/lib/code/out/vs/workbench/api/node/extensionHostProcess.js:114:32845)
	at T0.g (file:///usr/lib/code/out/vs/workbench/api/node/extensionHostProcess.js:114:31919)
	at T0.executeCommand (file:///usr/lib/code/out/vs/workbench/api/node/extensionHostProcess.js:114:31826)
	at Object.executeCommand (file:///usr/lib/code/out/vs/workbench/api/node/extensionHostProcess.js:156:37049)
	at setContextValue (/home/Salvatore/.vscode-oss/extensions/franneck94.c-cpp-runner-9.4.7-universal/dist/main.js:5980:28)
	at Object.deactivate (/home/Salvatore/.vscode-oss/extensions/franneck94.c-cpp-runner-9.4.7-universal/dist/main.js:3869:39)
	at hB.eb (file:///usr/lib/code/out/vs/workbench/api/node/extensionHostProcess.js:118:11727)
	at file:///usr/lib/code/out/vs/workbench/api/node/extensionHostProcess.js:118:9877
	at Array.map (<anonymous>)
	at hB.$ (file:///usr/lib/code/out/vs/workbench/api/node/extensionHostProcess.js:118:9865)
	at hB.terminate (file:///usr/lib/code/out/vs/workbench/api/node/extensionHostProcess.js:118:10108)
	at M3.terminate (file:///usr/lib/code/out/vs/workbench/api/node/extensionHostProcess.js:119:1424)
	at ps (file:///usr/lib/code/out/vs/workbench/api/node/extensionHostProcess.js:174:15058)
	at MessagePortMain.<anonymous> (file:///usr/lib/code/out/vs/workbench/api/node/extensionHostProcess.js:174:11603)
	at MessagePortMain.emit (node:events:519:28)
	at MessagePortMain._internalPort.emit (node:electron/js2c/utility_init:2:2619) setContext undefined
2024-10-28 23:22:59.110 [info] Extension host with pid 3657 exiting with code 0
