2024-10-28 21:34:29.640 [info] [main] Log level: Info
2024-10-28 21:34:29.640 [info] [main] Validating found git in: "git"
2024-10-28 21:34:29.640 [info] [main] Using git "2.47.0" from "git"
2024-10-28 21:34:29.640 [info] [Model][doInitialScan] Initial repository scan started
2024-10-28 21:34:29.640 [info] > git rev-parse --show-toplevel [13ms]
2024-10-28 21:34:29.640 [info] fatal: not a git repository (or any of the parent directories): .git
2024-10-28 21:34:29.640 [info] > git rev-parse --show-toplevel [3ms]
2024-10-28 21:34:29.640 [info] fatal: not a git repository (or any of the parent directories): .git
2024-10-28 21:34:29.640 [info] [Model][doInitialScan] Initial repository scan completed - repositories (0), closed repositories (0), parent repositories (0), unsafe repositories (0)
2024-10-28 21:34:29.855 [info] > git rev-parse --show-toplevel [2ms]
2024-10-28 21:34:29.855 [info] fatal: not a git repository (or any of the parent directories): .git
2024-10-28 21:35:09.217 [info] > git rev-parse --show-toplevel [1ms]
2024-10-28 21:35:09.217 [info] fatal: not a git repository (or any of the parent directories): .git
2024-10-28 21:35:19.427 [info] > git rev-parse --show-toplevel [1ms]
2024-10-28 21:35:19.427 [info] fatal: not a git repository (or any of the parent directories): .git
2024-10-28 21:35:58.649 [info] > git rev-parse --show-toplevel [1ms]
2024-10-28 21:35:58.649 [info] fatal: not a git repository (or any of the parent directories): .git
2024-10-28 21:35:59.300 [info] > git rev-parse --show-toplevel [1ms]
2024-10-28 21:35:59.300 [info] fatal: not a git repository (or any of the parent directories): .git
2024-10-28 21:36:00.787 [info] > git rev-parse --show-toplevel [1ms]
2024-10-28 21:36:00.788 [info] fatal: not a git repository (or any of the parent directories): .git
2024-10-28 21:36:35.972 [info] > git rev-parse --show-toplevel [1ms]
2024-10-28 21:36:35.972 [info] fatal: not a git repository (or any of the parent directories): .git
2024-10-28 21:36:36.821 [info] > git rev-parse --show-toplevel [1ms]
2024-10-28 21:36:36.821 [info] fatal: not a git repository (or any of the parent directories): .git
2024-10-28 21:36:52.350 [info] > git rev-parse --show-toplevel [1ms]
2024-10-28 21:36:52.350 [info] fatal: not a git repository (or any of the parent directories): .git
2024-10-28 21:37:00.943 [info] > git rev-parse --show-toplevel [1ms]
2024-10-28 21:37:00.943 [info] fatal: not a git repository (or any of the parent directories): .git
2024-10-28 22:01:08.128 [info] > git rev-parse --show-toplevel [1ms]
2024-10-28 22:01:08.128 [info] fatal: not a git repository (or any of the parent directories): .git
2024-10-28 22:01:12.323 [info] > git rev-parse --show-toplevel [1ms]
2024-10-28 22:01:12.323 [info] fatal: not a git repository (or any of the parent directories): .git
2024-10-28 22:01:13.207 [info] > git rev-parse --show-toplevel [1ms]
2024-10-28 22:01:13.207 [info] fatal: not a git repository (or any of the parent directories): .git
2024-10-28 22:01:16.398 [info] > git rev-parse --show-toplevel [1ms]
2024-10-28 22:01:16.398 [info] fatal: not a git repository (or any of the parent directories): .git
2024-10-28 22:01:48.933 [info] > git rev-parse --show-toplevel [0ms]
2024-10-28 22:01:48.933 [info] fatal: not a git repository (or any of the parent directories): .git
2024-10-28 22:01:50.863 [info] > git rev-parse --show-toplevel [1ms]
2024-10-28 22:01:50.863 [info] fatal: not a git repository (or any of the parent directories): .git
2024-10-28 22:04:12.397 [info] > git rev-parse --show-toplevel [0ms]
2024-10-28 22:04:12.398 [info] fatal: not a git repository (or any of the parent directories): .git
2024-10-28 22:04:14.226 [info] > git rev-parse --show-toplevel [1ms]
2024-10-28 22:04:14.226 [info] fatal: not a git repository (or any of the parent directories): .git
2024-10-28 22:08:05.237 [info] > git rev-parse --show-toplevel [1ms]
2024-10-28 22:08:05.237 [info] fatal: not a git repository (or any of the parent directories): .git
2024-10-28 22:08:05.589 [info] > git rev-parse --show-toplevel [1ms]
2024-10-28 22:08:05.589 [info] fatal: not a git repository (or any of the parent directories): .git
2024-10-28 22:08:07.286 [info] > git rev-parse --show-toplevel [2ms]
2024-10-28 22:08:07.286 [info] fatal: not a git repository (or any of the parent directories): .git
2024-10-28 22:08:08.518 [info] > git rev-parse --show-toplevel [1ms]
2024-10-28 22:08:08.518 [info] fatal: not a git repository (or any of the parent directories): .git
2024-10-28 22:22:57.751 [info] > git rev-parse --show-toplevel [1ms]
2024-10-28 22:22:57.751 [info] fatal: not a git repository (or any of the parent directories): .git
2024-10-28 22:22:59.799 [info] > git rev-parse --show-toplevel [1ms]
2024-10-28 22:22:59.799 [info] fatal: not a git repository (or any of the parent directories): .git
2024-10-28 22:23:07.355 [info] > git rev-parse --show-toplevel [2ms]
2024-10-28 22:23:07.355 [info] fatal: not a git repository (or any of the parent directories): .git
2024-10-28 22:23:08.939 [info] > git rev-parse --show-toplevel [1ms]
2024-10-28 22:23:08.939 [info] fatal: not a git repository (or any of the parent directories): .git
2024-10-28 22:23:10.320 [info] > git rev-parse --show-toplevel [1ms]
2024-10-28 22:23:10.320 [info] fatal: not a git repository (or any of the parent directories): .git
2024-10-28 22:23:11.545 [info] > git rev-parse --show-toplevel [1ms]
2024-10-28 22:23:11.545 [info] fatal: not a git repository (or any of the parent directories): .git
2024-10-28 22:23:12.194 [info] > git rev-parse --show-toplevel [1ms]
2024-10-28 22:23:12.194 [info] fatal: not a git repository (or any of the parent directories): .git
2024-10-28 22:33:45.851 [info] > git rev-parse --show-toplevel [2ms]
2024-10-28 22:33:45.851 [info] fatal: not a git repository (or any of the parent directories): .git
2024-10-28 22:33:47.862 [info] > git rev-parse --show-toplevel [1ms]
2024-10-28 22:33:47.862 [info] fatal: not a git repository (or any of the parent directories): .git
2024-10-28 22:33:55.125 [info] > git rev-parse --show-toplevel [1ms]
2024-10-28 22:33:55.125 [info] fatal: not a git repository (or any of the parent directories): .git
2024-10-28 22:33:58.950 [info] > git rev-parse --show-toplevel [0ms]
2024-10-28 22:33:58.950 [info] fatal: not a git repository (or any of the parent directories): .git
2024-10-28 22:34:02.904 [info] > git rev-parse --show-toplevel [1ms]
2024-10-28 22:34:02.904 [info] fatal: not a git repository (or any of the parent directories): .git
2024-10-28 22:34:04.037 [info] > git rev-parse --show-toplevel [1ms]
2024-10-28 22:34:04.037 [info] fatal: not a git repository (or any of the parent directories): .git
2024-10-28 22:34:22.853 [info] > git rev-parse --show-toplevel [1ms]
2024-10-28 22:34:22.853 [info] fatal: not a git repository (or any of the parent directories): .git
2024-10-28 22:34:23.973 [info] > git rev-parse --show-toplevel [1ms]
2024-10-28 22:34:23.973 [info] fatal: not a git repository (or any of the parent directories): .git
2024-10-28 22:34:25.887 [info] > git rev-parse --show-toplevel [1ms]
2024-10-28 22:34:25.887 [info] fatal: not a git repository (or any of the parent directories): .git
2024-10-28 22:34:29.789 [info] > git rev-parse --show-toplevel [2ms]
2024-10-28 22:34:29.789 [info] fatal: not a git repository (or any of the parent directories): .git
2024-10-28 22:34:32.740 [info] > git rev-parse --show-toplevel [1ms]
2024-10-28 22:34:32.740 [info] fatal: not a git repository (or any of the parent directories): .git
2024-10-28 22:34:38.462 [info] > git rev-parse --show-toplevel [1ms]
2024-10-28 22:34:38.462 [info] fatal: not a git repository (or any of the parent directories): .git
2024-10-28 22:34:40.890 [info] > git rev-parse --show-toplevel [1ms]
2024-10-28 22:34:40.890 [info] fatal: not a git repository (or any of the parent directories): .git
2024-10-28 22:34:53.036 [info] > git rev-parse --show-toplevel [1ms]
2024-10-28 22:34:53.036 [info] fatal: not a git repository (or any of the parent directories): .git
2024-10-28 22:34:54.870 [info] > git rev-parse --show-toplevel [1ms]
2024-10-28 22:34:54.870 [info] fatal: not a git repository (or any of the parent directories): .git
2024-10-28 22:34:57.196 [info] > git rev-parse --show-toplevel [1ms]
2024-10-28 22:34:57.196 [info] fatal: not a git repository (or any of the parent directories): .git
2024-10-28 22:35:41.592 [info] > git rev-parse --show-toplevel [0ms]
2024-10-28 22:35:41.593 [info] fatal: not a git repository (or any of the parent directories): .git
2024-10-28 22:35:42.006 [info] > git rev-parse --show-toplevel [1ms]
2024-10-28 22:35:42.006 [info] fatal: not a git repository (or any of the parent directories): .git
2024-10-28 22:35:45.532 [info] > git rev-parse --show-toplevel [1ms]
2024-10-28 22:35:45.532 [info] fatal: not a git repository (or any of the parent directories): .git
2024-10-28 22:35:57.826 [info] > git rev-parse --show-toplevel [1ms]
2024-10-28 22:35:57.826 [info] fatal: not a git repository (or any of the parent directories): .git
2024-10-28 22:35:59.287 [info] > git rev-parse --show-toplevel [1ms]
2024-10-28 22:35:59.287 [info] fatal: not a git repository (or any of the parent directories): .git
2024-10-28 22:36:00.650 [info] > git rev-parse --show-toplevel [1ms]
2024-10-28 22:36:00.650 [info] fatal: not a git repository (or any of the parent directories): .git
2024-10-28 22:36:11.251 [info] > git rev-parse --show-toplevel [1ms]
2024-10-28 22:36:11.251 [info] fatal: not a git repository (or any of the parent directories): .git
2024-10-28 22:36:12.071 [info] > git rev-parse --show-toplevel [1ms]
2024-10-28 22:36:12.071 [info] fatal: not a git repository (or any of the parent directories): .git
2024-10-28 22:36:12.975 [info] > git rev-parse --show-toplevel [1ms]
2024-10-28 22:36:12.975 [info] fatal: not a git repository (or any of the parent directories): .git
2024-10-28 22:36:14.343 [info] > git rev-parse --show-toplevel [1ms]
2024-10-28 22:36:14.343 [info] fatal: not a git repository (or any of the parent directories): .git
2024-10-28 22:36:15.109 [info] > git rev-parse --show-toplevel [0ms]
2024-10-28 22:36:15.109 [info] fatal: not a git repository (or any of the parent directories): .git
2024-10-28 22:36:17.651 [info] > git rev-parse --show-toplevel [1ms]
2024-10-28 22:36:17.651 [info] fatal: not a git repository (or any of the parent directories): .git
2024-10-28 22:36:23.246 [info] > git rev-parse --show-toplevel [1ms]
2024-10-28 22:36:23.246 [info] fatal: not a git repository (or any of the parent directories): .git
2024-10-28 22:37:18.973 [info] > git rev-parse --show-toplevel [1ms]
2024-10-28 22:37:18.973 [info] fatal: not a git repository (or any of the parent directories): .git
2024-10-28 22:37:20.092 [info] > git rev-parse --show-toplevel [0ms]
2024-10-28 22:37:20.092 [info] fatal: not a git repository (or any of the parent directories): .git
2024-10-28 22:37:20.410 [info] > git rev-parse --show-toplevel [1ms]
2024-10-28 22:37:20.410 [info] fatal: not a git repository (or any of the parent directories): .git
2024-10-28 22:38:08.588 [info] > git rev-parse --show-toplevel [1ms]
2024-10-28 22:38:08.589 [info] fatal: not a git repository (or any of the parent directories): .git
2024-10-28 22:38:10.235 [info] > git rev-parse --show-toplevel [1ms]
2024-10-28 22:38:10.235 [info] fatal: not a git repository (or any of the parent directories): .git
2024-10-28 22:38:18.014 [info] > git rev-parse --show-toplevel [1ms]
2024-10-28 22:38:18.014 [info] fatal: not a git repository (or any of the parent directories): .git
2024-10-28 22:38:24.973 [info] > git rev-parse --show-toplevel [1ms]
2024-10-28 22:38:24.973 [info] fatal: not a git repository (or any of the parent directories): .git
2024-10-28 22:42:50.574 [info] > git rev-parse --show-toplevel [1ms]
2024-10-28 22:42:50.574 [info] fatal: not a git repository (or any of the parent directories): .git
2024-10-28 22:54:35.057 [info] > git rev-parse --show-toplevel [2ms]
2024-10-28 22:54:35.057 [info] fatal: not a git repository (or any of the parent directories): .git
2024-10-28 22:54:46.204 [info] > git rev-parse --show-toplevel [1ms]
2024-10-28 22:54:46.204 [info] fatal: not a git repository (or any of the parent directories): .git
2024-10-28 22:57:44.321 [info] > git rev-parse --show-toplevel [1ms]
2024-10-28 22:57:44.321 [info] fatal: not a git repository (or any of the parent directories): .git
2024-10-28 22:58:15.576 [info] > git rev-parse --show-toplevel [1ms]
2024-10-28 22:58:15.576 [info] fatal: not a git repository (or any of the parent directories): .git
2024-10-28 22:58:58.395 [info] > git rev-parse --show-toplevel [1ms]
2024-10-28 22:58:58.395 [info] fatal: not a git repository (or any of the parent directories): .git
2024-10-28 23:00:37.656 [info] > git rev-parse --show-toplevel [1ms]
2024-10-28 23:00:37.656 [info] fatal: not a git repository (or any of the parent directories): .git
2024-10-28 23:00:39.183 [info] > git rev-parse --show-toplevel [1ms]
2024-10-28 23:00:39.183 [info] fatal: not a git repository (or any of the parent directories): .git
2024-10-28 23:11:26.599 [info] > git rev-parse --show-toplevel [1ms]
2024-10-28 23:11:26.599 [info] fatal: not a git repository (or any of the parent directories): .git
2024-10-28 23:11:32.709 [info] > git rev-parse --show-toplevel [1ms]
2024-10-28 23:11:32.709 [info] fatal: not a git repository (or any of the parent directories): .git
2024-10-28 23:11:39.065 [info] > git rev-parse --show-toplevel [1ms]
2024-10-28 23:11:39.065 [info] fatal: not a git repository (or any of the parent directories): .git
2024-10-28 23:11:53.835 [info] > git rev-parse --show-toplevel [1ms]
2024-10-28 23:11:53.835 [info] fatal: not a git repository (or any of the parent directories): .git
2024-10-28 23:11:54.906 [info] > git rev-parse --show-toplevel [1ms]
2024-10-28 23:11:54.906 [info] fatal: not a git repository (or any of the parent directories): .git
2024-10-28 23:11:55.526 [info] > git rev-parse --show-toplevel [1ms]
2024-10-28 23:11:55.526 [info] fatal: not a git repository (or any of the parent directories): .git
2024-10-28 23:12:03.724 [info] > git rev-parse --show-toplevel [1ms]
2024-10-28 23:12:03.724 [info] fatal: not a git repository (or any of the parent directories): .git
2024-10-28 23:12:04.562 [info] > git rev-parse --show-toplevel [1ms]
2024-10-28 23:12:04.562 [info] fatal: not a git repository (or any of the parent directories): .git
2024-10-28 23:12:05.288 [info] > git rev-parse --show-toplevel [2ms]
2024-10-28 23:12:05.288 [info] fatal: not a git repository (or any of the parent directories): .git
2024-10-28 23:12:06.730 [info] > git rev-parse --show-toplevel [1ms]
2024-10-28 23:12:06.730 [info] fatal: not a git repository (or any of the parent directories): .git
2024-10-28 23:12:38.971 [info] > git rev-parse --show-toplevel [1ms]
2024-10-28 23:12:38.971 [info] fatal: not a git repository (or any of the parent directories): .git
2024-10-28 23:15:40.975 [info] > git rev-parse --show-toplevel [1ms]
2024-10-28 23:15:40.975 [info] fatal: not a git repository (or any of the parent directories): .git
2024-10-28 23:17:07.714 [info] > git rev-parse --show-toplevel [1ms]
2024-10-28 23:17:07.714 [info] fatal: not a git repository (or any of the parent directories): .git
2024-10-28 23:17:49.354 [info] > git rev-parse --show-toplevel [1ms]
2024-10-28 23:17:49.354 [info] fatal: not a git repository (or any of the parent directories): .git
2024-10-28 23:18:41.439 [info] > git rev-parse --show-toplevel [1ms]
2024-10-28 23:18:41.439 [info] fatal: not a git repository (or any of the parent directories): .git
2024-10-28 23:20:20.200 [info] > git rev-parse --show-toplevel [1ms]
2024-10-28 23:20:20.200 [info] fatal: not a git repository (or any of the parent directories): .git
